0 info it worked if it ends with ok
1 verbose cli [ 'D:\\nodejs\\node.exe',
1 verbose cli   'D:\\nodejs\\node_modules\\npm\\bin\\npm-cli.js',
1 verbose cli   'run',
1 verbose cli   'test' ]
2 info using npm@3.10.8
3 info using node@v7.0.0
4 verbose run-script [ 'pretest', 'test', 'posttest' ]
5 info lifecycle activity@1.0.0~pretest: activity@1.0.0
6 silly lifecycle activity@1.0.0~pretest: no script for pretest, continuing
7 info lifecycle activity@1.0.0~test: activity@1.0.0
8 verbose lifecycle activity@1.0.0~test: unsafe-perm in lifecycle true
9 verbose lifecycle activity@1.0.0~test: PATH: D:\nvm\v7.0.0\node_modules\npm\bin\node-gyp-bin;E:\alittlegit\node_modules\.bin;C:\Users\hzchenqingrun\bin;D:\Git\mingw64\bin;D:\Git\usr\local\bin;D:\Git\usr\bin;D:\Git\usr\bin;D:\Git\cmd;C:\Users\hzchenqingrun\Downloads\ConEmuPack.161206\ConEmu\Scripts;C:\Users\hzchenqingrun\Downloads\ConEmuPack.161206;C:\Users\hzchenqingrun\Downloads\ConEmuPack.161206\ConEmu;D:\ImageMagick-7.0.5-Q16;C:\windows\system32;C:\windows;C:\windows\System32\Wbem;C:\windows\System32\WindowsPowerShell\v1.0;D:\Git\cmd;D:\nvm;D:\nodejs;C:\windows\system32;C:\windows;C:\windows\System32\Wbem;C:\windows\System32\WindowsPowerShell\v1.0;D:\Git\cmd;D:\nvm;D:\nodejs;C:\Users\hzchenqingrun\AppData\Local\atom\bin;D:\Git\usr\bin\vendor_perl;D:\Git\usr\bin\core_perl
10 verbose lifecycle activity@1.0.0~test: CWD: E:\alittlegit
11 silly lifecycle activity@1.0.0~test: Args: [ '/d /s /c', 'http-server -c-1 -i false' ]
12 silly lifecycle activity@1.0.0~test: Returned: code: 1  signal: null
13 info lifecycle activity@1.0.0~test: Failed to exec test script
14 verbose stack Error: activity@1.0.0 test: `http-server -c-1 -i false`
14 verbose stack Exit status 1
14 verbose stack     at EventEmitter.<anonymous> (D:\nvm\v7.0.0\node_modules\npm\lib\utils\lifecycle.js:255:16)
14 verbose stack     at emitTwo (events.js:106:13)
14 verbose stack     at EventEmitter.emit (events.js:191:7)
14 verbose stack     at ChildProcess.<anonymous> (D:\nvm\v7.0.0\node_modules\npm\lib\utils\spawn.js:40:14)
14 verbose stack     at emitTwo (events.js:106:13)
14 verbose stack     at ChildProcess.emit (events.js:191:7)
14 verbose stack     at maybeClose (internal/child_process.js:877:16)
14 verbose stack     at Process.ChildProcess._handle.onexit (internal/child_process.js:226:5)
15 verbose pkgid activity@1.0.0
16 verbose cwd E:\alittlegit
17 error Windows_NT 6.1.7601
18 error argv "D:\\nodejs\\node.exe" "D:\\nodejs\\node_modules\\npm\\bin\\npm-cli.js" "run" "test"
19 error node v7.0.0
20 error npm  v3.10.8
21 error code ELIFECYCLE
22 error activity@1.0.0 test: `http-server -c-1 -i false`
22 error Exit status 1
23 error Failed at the activity@1.0.0 test script 'http-server -c-1 -i false'.
23 error Make sure you have the latest version of node.js and npm installed.
23 error If you do, this is most likely a problem with the activity package,
23 error not with npm itself.
23 error Tell the author that this fails on your system:
23 error     http-server -c-1 -i false
23 error You can get information on how to open an issue for this project with:
23 error     npm bugs activity
23 error Or if that isn't available, you can get their info via:
23 error     npm owner ls activity
23 error There is likely additional logging output above.
24 verbose exit [ 1, true ]
